Arguments: 
  /home/wowon/.nvm/versions/node/v18.13.0/bin/node /usr/bin/yarn install

PATH: 
  /home/wowon/.nvm/versions/node/v18.13.0/bin:/home/wowon/.config/composer/vendor/bin/:/home/wowon/go/bin/:/home/wowon/.encore/bin/:/home/wowon/.local/share/gem/ruby/3.0.0/bin/:/home/wowon/.local/bin:/home/wowon/Documents/My-Project/MyTools/bin:/home/wowon/.cargo/bin:/opt/jython/bin/:$PATH:"/home/wowon/.local/share/gem/ruby/3.0.0/bin/":/usr/local/sbin:/usr/local/bin:/usr/bin:/home/wowon/.dotnet/tools:/usr/lib/jvm/default/bin:/opt/rocm-5.3.2/bin:/opt/rocm-5.3.2/hip/bin:/usr/bin/site_perl:/usr/bin/vendor_perl:/usr/bin/core_perl:/var/lib/snapd/snap/bin:/home/wowon/.rvm/bin

Yarn version: 
  1.22.19

Node version: 
  18.13.0

Platform: 
  linux x64

Trace: 
  SyntaxError: /home/wowon/Documents/My-App/NodeJs/portofolio-svelte/package.json: Unexpected token } in JSON at position 605
      at JSON.parse (<anonymous>)
      at /usr/lib/node_modules/yarn/lib/cli.js:1629:59
      at Generator.next (<anonymous>)
      at step (/usr/lib/node_modules/yarn/lib/cli.js:310:30)
      at /usr/lib/node_modules/yarn/lib/cli.js:321:13

npm manifest: 
  {
    "private": true,
    "license": "MIT",
    "type": "module",
    "scripts": {
      "dev": "vite dev",
      "build": "vite build",
      "preview": "vite preview",
      "deploy": "touch build/.nojekyll && gh-pages -d build -t true"
    },
    "devDependencies": {
      "@fontsource/fira-mono": "^4.5.10",
      "@sveltejs/adapter-static": "1.0.5",
      "@sveltejs/kit": "1.3.3",
      "autoprefixer": "^10.4.13",
      "gh-pages": "^5.0.0",
      "highlight.js": "^11.7.0",
      "postcss": "^8.4.21",
      "svelte": "^3.55.1",
      "tailwindcss": "^3.2.4",
      "vite": "^4.0.4"
    },
    "dependencies": {
      "marked": "^4.2.12",
    }
  }

yarn manifest: 
  No manifest

Lockfile: 
  No lockfile
